########### array before sorts ###########
0	5.000000	0.000000	95.000000	0.000000	n
1	-0.127000	52.619000	-0.127000	6.381000	n
2	100.127000	52.619000	100.000000	6.508000	n
3	5.000000	0.000000	5.000000	6.381000	n
4	5.000000	6.381000	-0.127000	6.381000	n
5	5.000000	52.619000	-0.127000	52.619000	n
6	5.000000	52.619000	5.000000	59.000000	n
7	95.000000	52.619000	95.000000	59.000000	n
8	100.127000	52.619000	95.000000	52.619000	n
9	95.000000	0.000000	95.000000	6.508000	n
10	100.000000	6.508000	95.000000	6.508000	n
11	5.000000	59.000000	95.000000	59.000000	n
Tolerance=0.050000.
*Exact match for i=0 and j=9.
*i point 5.000000	0.000000	95.000000	0.000000	y
*Exact match for i=1 and j=10.
*i point 95.000000	0.000000	95.000000	6.508000	y
	*Before flip 	100.000000	6.508000	95.000000	6.508000	y
	*After flip 	95.000000	6.508000	100.000000	6.508000	y
*Exact match for i=2 and j=10.
*i point 95.000000	6.508000	100.000000	6.508000	y
	*Before flip 	100.127000	52.619000	100.000000	6.508000	y
	*After flip 	100.000000	6.508000	100.127000	52.619000	y
*Exact match for i=3 and j=8.
*i point 100.000000	6.508000	100.127000	52.619000	y
*Exact match for i=4 and j=7.
*i point 100.127000	52.619000	95.000000	52.619000	y
*Exact match for i=5 and j=11.
*i point 95.000000	52.619000	95.000000	59.000000	y
	*Before flip 	5.000000	59.000000	95.000000	59.000000	y
	*After flip 	95.000000	59.000000	5.000000	59.000000	y
*Exact match for i=6 and j=11.
*i point 95.000000	59.000000	5.000000	59.000000	y
	*Before flip 	5.000000	52.619000	5.000000	59.000000	y
	*After flip 	5.000000	59.000000	5.000000	52.619000	y
*Exact match for i=7 and j=11.
*i point 5.000000	59.000000	5.000000	52.619000	y
*Exact match for i=8 and j=9.
*i point 5.000000	52.619000	-0.127000	52.619000	y
*Exact match for i=9 and j=11.
*i point -0.127000	52.619000	-0.127000	6.381000	y
	*Before flip 	5.000000	6.381000	-0.127000	6.381000	y
	*After flip 	-0.127000	6.381000	5.000000	6.381000	y
*Exact match for i=10 and j=11.
*i point -0.127000	6.381000	5.000000	6.381000	y
	*Before flip 	5.000000	0.000000	5.000000	6.381000	y
	*After flip 	5.000000	6.381000	5.000000	0.000000	y
########### array after sorts ###########
0	5.000000	0.000000	95.000000	0.000000	y
1	95.000000	0.000000	95.000000	6.508000	y
2	95.000000	6.508000	100.000000	6.508000	y
3	100.000000	6.508000	100.127000	52.619000	y
4	100.127000	52.619000	95.000000	52.619000	y
5	95.000000	52.619000	95.000000	59.000000	y
6	95.000000	59.000000	5.000000	59.000000	y
7	5.000000	59.000000	5.000000	52.619000	y
8	5.000000	52.619000	-0.127000	52.619000	y
9	-0.127000	52.619000	-0.127000	6.381000	y
10	-0.127000	6.381000	5.000000	6.381000	y
11	5.000000	6.381000	5.000000	0.000000	y
***************
.BOARD_OUTLINE UNOWNED
1.6
0     5.000000     0.000000     0
0     95.000000     0.000000     0
0     95.000000     6.508000     0
0     100.000000     6.508000     0
0     100.127000     52.619000     0
0     95.000000     52.619000     0
0     95.000000     59.000000     0
0     5.000000     59.000000     0
0     5.000000     52.619000     0
0     -0.127000     52.619000     0
0     -0.127000     6.381000     0
0     5.000000     6.381000     0
0     5.000000     0.000000     0
